<?xml version="1.0" encoding="utf-8"?><testsuites name="pytest tests"><testsuite name="pytest" errors="0" failures="0" skipped="0" tests="4" time="0.552" timestamp="2026-01-19T06:51:53.407737+00:00" hostname="runnervm1bl6g"><testcase classname="tests.unit.test_mocking_patch" name="test_fetch_user_success_with_patch" time="0.003" /><testcase classname="tests.unit.test_mocking_patch" name="test_fetch_user_http_error" time="0.002" /><testcase classname="tests.unit.test_mocking_patch" name="test_fetch_user_schema_error" time="0.002" /><testcase classname="tests.unit.test_monkeypatch" name="test_get_user_from_env" time="0.002" /></testsuite></testsuites>